  ModuleWindow.cpp
  ModuleTextures.cpp
  ModuleSceneIntro.cpp
c:\users\davidvh1\desktop\physics2_class3 - handout\modulesceneintro.cpp(158): warning C4244: 'argument': conversion from 'int' to 'float', possible loss of data
c:\users\davidvh1\desktop\physics2_class3 - handout\modulesceneintro.cpp(160): warning C4244: 'argument': conversion from 'int' to 'float', possible loss of data
c:\users\davidvh1\desktop\physics2_class3 - handout\modulesceneintro.cpp(162): warning C4244: 'argument': conversion from 'float' to 'int', possible loss of data
c:\users\davidvh1\desktop\physics2_class3 - handout\modulesceneintro.cpp(165): warning C4244: 'argument': conversion from 'float' to 'int', possible loss of data
c:\program files (x86)\microsoft visual studio 14.0\vc\include\limits(210): warning C4577: 'noexcept' used with no exception handling mode specified; termination on exception is not guaranteed. Specify /EHsc
  ModuleRender.cpp
  ModulePlayer.cpp
  ModulePhysics.cpp
c:\users\davidvh1\desktop\physics2_class3 - handout\modulephysics.cpp(35): warning C4244: 'initializing': conversion from 'float' to 'int', possible loss of data
c:\users\davidvh1\desktop\physics2_class3 - handout\modulephysics.cpp(111): warning C4244: '=': conversion from 'float' to 'int', possible loss of data
c:\users\davidvh1\desktop\physics2_class3 - handout\modulephysics.cpp(112): warning C4244: '=': conversion from 'float' to 'int', possible loss of data
c:\users\davidvh1\desktop\physics2_class3 - handout\modulephysics.cpp(128): warning C4018: '<': signed/unsigned mismatch
c:\program files (x86)\microsoft visual studio 14.0\vc\include\cmath(131): warning C4577: 'noexcept' used with no exception handling mode specified; termination on exception is not guaranteed. Specify /EHsc
  ModuleInput.cpp
  ModuleAudio.cpp
  Main.cpp
  log.cpp
  Application.cpp
c:\program files (x86)\microsoft visual studio 14.0\vc\include\limits(210): warning C4577: 'noexcept' used with no exception handling mode specified; termination on exception is not guaranteed. Specify /EHsc
  Generating Code...
  SDL Game.vcxproj -> C:\Users\davidvh1\Desktop\Physics2_class3 - handout\Debug\2D Physics - class 3.exe
  SDL Game.vcxproj -> C:\Users\davidvh1\Desktop\Physics2_class3 - handout\Debug\2D Physics - class 3.pdb (Full PDB)
